{u'ROOM_NAME': u'coffer house', u'RANGE': u'300', u'RE_PASSWORD': u'123456', u'THEME': u'math', u'TIME': u'8', u'LAT': u'90', u'LNG': u'100', u'PASSWORD': u'123456', u'MAX_NUM': u'6'}
8
{"ROOM_ID": 8}
{u'MAX_NUM': u'6', u'ROOM_NAME': u'coffer house', u'RANGE': u'300', u'RE_PASSWORD': u'123456', u'THEME': u'math', u'TIME': u'8', u'LAT': u'90', u'LNG': u'100', u'PASSWORD': u'123456', u'ROOMID': -1}
9
{"ROOM_ID": 9}
{u'MAX_NUM': u'6', u'ROOM_NAME': u'coffer house', u'RANGE': u'300', u'RE_PASSWORD': u'123456', u'THEME': u'math', u'TIME': u'8', u'LAT': u'90', u'LNG': u'100', u'PASSWORD': u'123456', u'ROOMID': -1}
10
{"ROOM_ID": 10}
{u'MAX_NUM': u'6', u'ROOM_NAME': u'coffer house', u'RANGE': u'300', u'RE_PASSWORD': u'123456', u'THEME': u'math', u'TIME': u'8', u'LAT': u'90', u'LNG': u'100', u'PASSWORD': u'123456', u'ROOMID': -1}
11
{"ROOM_ID": 11}
{u'MAX_NUM': u'6', u'ROOM_NAME': u'coffer house', u'RANGE': u'300', u'RE_PASSWORD': u'123456', u'THEME': u'math', u'TIME': u'8', u'LAT': u'90', u'LNG': u'100', u'PASSWORD': u'123456', u'ROOMID': -1}
{u'MAX_NUM': u'6', u'ROOM_NAME': u'coffer house', u'RANGE': u'300', u'RE_PASSWORD': u'123456', u'THEME': u'math', u'TIME': u'8', u'LAT': u'90', u'LNG': u'100', u'PASSWORD': u'123456', u'ROOMID': -1}
{u'MAX_NUM': u'6', u'ROOM_NAME': u'coffer house', u'RANGE': u'300', u'RE_PASSWORD': u'123456', u'THEME': u'math', u'TIME': u'8', u'LAT': u'90', u'LNG': u'100', u'PASSWORD': u'123456', u'ROOMID': -1}
{u'MAX_NUM': u'6', u'ROOM_NAME': u'coffer house', u'RANGE': u'300', u'RE_PASSWORD': u'123456', u'THEME': u'math', u'TIME': u'8', u'LAT': u'90', u'LNG': u'100', u'PASSWORD': u'123456', u'ROOMID': -1}
{u'MAX_NUM': u'6', u'ROOM_NAME': u'coffer house', u'RANGE': u'300', u'RE_PASSWORD': u'123456', u'THEME': u'math', u'TIME': u'8', u'LAT': u'90', u'LNG': u'100', u'PASSWORD': u'123456', u'ROOMID': -1}
{u'MAX_NUM': u'6', u'ROOM_NAME': u'coffer house', u'RANGE': u'300', u'RE_PASSWORD': u'123456', u'THEME': u'math', u'TIME': u'8', u'LAT': u'90', u'LNG': u'100', u'PASSWORD': u'123456', u'ROOMID': -1}
{u'MAX_NUM': u'6', u'ROOM_NAME': u'coffer house', u'RANGE': u'300', u'RE_PASSWORD': u'123456', u'THEME': u'math', u'TIME': u'8', u'LAT': u'90', u'LNG': u'100', u'PASSWORD': u'123456', u'ROOMID': -1}
{u'MAX_NUM': u'6', u'ROOM_NAME': u'coffer house', u'RANGE': u'300', u'RE_PASSWORD': u'123456', u'THEME': u'math', u'TIME': u'8', u'LAT': u'90', u'LNG': u'100', u'PASSWORD': u'123456', u'ROOMID': -1}
{u'MAX_NUM': u'6', u'ROOM_NAME': u'coffer house', u'RANGE': u'300', u'RE_PASSWORD': u'123456', u'THEME': u'math', u'TIME': u'8', u'LAT': u'90', u'LNG': u'100', u'PASSWORD': u'123456', u'ROOMID': -1}
{u'MAX_NUM': u'6', u'ROOM_NAME': u'coffer house', u'RANGE': u'300', u'RE_PASSWORD': u'123456', u'THEME': u'math', u'TIME': u'8', u'LAT': u'90', u'LNG': u'100', u'PASSWORD': u'123456', u'ROOMID': -1}
{u'MAX_NUM': u'6', u'ROOM_NAME': u'coffer house', u'RANGE': u'300', u'RE_PASSWORD': u'123456', u'THEME': u'math', u'TIME': u'8', u'LAT': u'90', u'LNG': u'100', u'PASSWORD': u'123456', u'ROOMID': -1}
{u'MAX_NUM': u'6', u'ROOM_NAME': u'coffer house', u'RANGE': u'300', u'RE_PASSWORD': u'123456', u'THEME': u'math', u'TIME': u'8', u'LAT': u'90', u'LNG': u'100', u'PASSWORD': u'123456', u'ROOMID': -1}
{u'MAX_NUM': u'6', u'ROOM_NAME': u'coffer house', u'RANGE': u'300', u'RE_PASSWORD': u'123456', u'THEME': u'math', u'TIME': u'8', u'LAT': u'90', u'LNG': u'100', u'PASSWORD': u'123456', u'ROOMID': -1}
{u'MAX_NUM': u'6', u'ROOM_NAME': u'coffer house', u'RANGE': u'300', u'RE_PASSWORD': u'123456', u'THEME': u'math', u'TIME': u'8', u'LAT': u'90', u'LNG': u'100', u'PASSWORD': u'123456', u'ROOMID': -1}
{u'MAX_NUM': u'6', u'ROOM_NAME': u'coffer house', u'RANGE': u'300', u'RE_PASSWORD': u'123456', u'THEME': u'math', u'TIME': u'8', u'LAT': u'90', u'LNG': u'100', u'PASSWORD': u'123456', u'ROOMID': -1}
{u'MAX_NUM': u'6', u'ROOM_NAME': u'coffer house', u'RANGE': u'300', u'RE_PASSWORD': u'123456', u'THEME': u'math', u'TIME': u'8', u'LAT': u'90', u'LNG': u'100', u'PASSWORD': u'123456', u'ROOMID': -1}
{u'MAX_NUM': u'6', u'ROOM_NAME': u'coffer house', u'RANGE':